{
  "RSpec": {
    "coverage": {
      "/Users/student/Makers/week10/tech_tests/bank/lib/printer.rb": {
        "lines": [
          null,
          null,
          1,
          1,
          2,
          2,
          4,
          4,
          2,
          null,
          2,
          null,
          4,
          null,
          2,
          null,
          null
        ]
      },
      "/Users/student/Makers/week10/tech_tests/bank/lib/transactions.rb": {
        "lines": [
          null,
          null,
          1,
          1,
          null,
          10,
          9,
          9,
          9,
          9,
          null,
          null
        ]
      },
      "/Users/student/Makers/week10/tech_tests/bank/lib/account.rb": {
        "lines": [
          null,
          null,
          1,
          1,
          null,
          1,
          1,
          1,
          4,
          4,
          null,
          null,
          1,
          5,
          5,
          null,
          null,
          1,
          3,
          3,
          null,
          null,
          1,
          1,
          null,
          null
        ]
      },
      "/Users/student/Makers/week10/tech_tests/bank/spec/account_spec.rb": {
        "lines": [
          null,
          null,
          1,
          null,
          1,
          1,
          3,
          null,
          null,
          1,
          1,
          1,
          null,
          null,
          1,
          1,
          1,
          1,
          null,
          1,
          1,
          1,
          1,
          null,
          null
        ]
      },
      "/Users/student/Makers/week10/tech_tests/bank/spec/feature/bank_feature_spec.rb": {
        "lines": [
          1,
          1,
          null,
          1,
          1,
          1,
          1,
          1,
          1,
          null,
          null
        ]
      },
      "/Users/student/Makers/week10/tech_tests/bank/spec/printer_spec.rb": {
        "lines": [
          null,
          null,
          1,
          1,
          null,
          1,
          1,
          1,
          1,
          1,
          1,
          null,
          null
        ]
      },
      "/Users/student/Makers/week10/tech_tests/bank/spec/transactions_spec.rb": {
        "lines": [
          null,
          null,
          1,
          null,
          1,
          1,
          1,
          1,
          1,
          null,
          null
        ]
      }
    },
    "timestamp": 1604392491
  }
}
