{
  "RSpec": {
    "coverage": {
      "/Users/student/Makers/week10/tech_tests/bank/lib/printer.rb": {
        "lines": [
          null,
          null,
          1,
          1,
          1,
          1,
          1,
          1,
          0,
          null,
          1,
          null,
          1,
          null,
          1,
          null,
          null
        ]
      },
      "/Users/student/Makers/week10/tech_tests/bank/lib/transactions.rb": {
        "lines": [
          null,
          null,
          1,
          1,
          null,
          7,
          6,
          6,
          6,
          6,
          null,
          null
        ]
      },
      "/Users/student/Makers/week10/tech_tests/bank/lib/account.rb": {
        "lines": [
          null,
          null,
          1,
          1,
          null,
          1,
          1,
          1,
          3,
          3,
          null,
          null,
          1,
          3,
          3,
          null,
          null,
          1,
          2,
          2,
          null,
          null,
          1,
          0,
          null,
          null
        ]
      },
      "/Users/student/Makers/week10/tech_tests/bank/spec/account_spec.rb": {
        "lines": [
          null,
          null,
          1,
          null,
          1,
          1,
          3,
          null,
          null,
          1,
          1,
          1,
          null,
          null,
          1,
          1,
          1,
          1,
          null,
          1,
          1,
          1,
          1,
          null,
          null
        ]
      },
      "/Users/student/Makers/week10/tech_tests/bank/spec/printer_spec.rb": {
        "lines": [
          null,
          null,
          1,
          1,
          null,
          1,
          1,
          1,
          1,
          1,
          null,
          null
        ]
      },
      "/Users/student/Makers/week10/tech_tests/bank/spec/transactions_spec.rb": {
        "lines": [
          null,
          null,
          1,
          null,
          1,
          1,
          1,
          1,
          1,
          null,
          null
        ]
      }
    },
    "timestamp": 1604338279
  }
}
